<?xml version="1.0" encoding="UTF-8"?>
<!-- Generated by org.testng.reporters.JUnitXMLReporter -->
<testsuite ignored="0" hostname="DESKTOP-F84M1HR" failures="0" tests="3" name="Default test" time="0.148" errors="0" timestamp="2024-05-02T19:52:19 EDT">
  <testcase classname="com.TestNG.Practice.TestNGPractice" name="getLogin" time="0.011"/>
  <testcase classname="com.TestNG.Practice.TestNGPractice" name="getPayment" time="0.003"/>
  <testcase classname="com.TestNG.Practice.TestNGPractice" name="getProduct" time="0.003"/>
</testsuite> <!-- Default test -->
