<?xml version="1.0" encoding="UTF-8"?>
<!-- Generated by org.testng.reporters.JUnitXMLReporter -->
<testsuite ignored="0" hostname="DESKTOP-F84M1HR" failures="0" tests="4" name="Test" time="0.141" errors="0" timestamp="2024-04-28T18:37:18 EDT">
  <testcase classname="com.Regression.TestRunWithTestNGLogin5" name="getLogin" time="0.018"/>
  <testcase classname="com.Regression.TestRunWithTestNGProduct5" name="getProduct" time="0.002"/>
  <testcase classname="com.Regression.TestRunWithTestNGPayment5" name="getPayment" time="0.006"/>
  <testcase classname="com.smoke.TestRunWithTestNGFunctionalTest5" name="getBilling" time="0.002"/>
</testsuite> <!-- Test -->
