<?xml version="1.0" encoding="UTF-8"?>
<testng-results ignored="0" total="2" passed="2" failed="0" skipped="0">
  <reporter-output>
  </reporter-output>
  <suite started-at="2024-05-25T19:36:38 EDT" name="Suite" finished-at="2024-05-25T19:36:57 EDT" duration-ms="18833">
    <groups>
      <group name="cucumber">
        <method signature="AbstractTestNGCucumberTests.runScenario(io.cucumber.testng.PickleEventWrapper,io.cucumber.testng.CucumberFeatureWrapper)[pri:0, instance:com.BDD.cucumber.practice.RunnerPractice5@3857f613]" name="runScenario" class="io.cucumber.testng.AbstractTestNGCucumberTests"/>
      </group> <!-- cucumber -->
    </groups>
    <test started-at="2024-05-25T19:36:38 EDT" name="Test" finished-at="2024-05-25T19:36:57 EDT" duration-ms="18833">
      <class name="com.BDD.cucumber.practice.RunnerPractice5">
        <test-method is-config="true" signature="setUp()[pri:0, instance:com.BDD.cucumber.practice.RunnerPractice5@3857f613]" started-at="2024-05-25T19:36:38 EDT" name="setUp" finished-at="2024-05-25T19:36:38 EDT" duration-ms="20" status="PASS">
          <reporter-output>
          </reporter-output>
        </test-method> <!-- setUp -->
        <test-method is-config="true" signature="setUpClass()[pri:0, instance:com.BDD.cucumber.practice.RunnerPractice5@3857f613]" started-at="2024-05-25T19:36:38 EDT" name="setUpClass" finished-at="2024-05-25T19:36:39 EDT" duration-ms="169" status="PASS">
          <reporter-output>
          </reporter-output>
        </test-method> <!-- setUpClass -->
        <test-method signature="test1()[pri:0, instance:com.BDD.cucumber.practice.RunnerPractice5@3857f613]" started-at="2024-05-25T19:36:39 EDT" name="test1" finished-at="2024-05-25T19:36:39 EDT" duration-ms="7" status="PASS">
          <reporter-output>
          </reporter-output>
        </test-method> <!-- test1 -->
        <test-method signature="runScenario(io.cucumber.testng.PickleEventWrapper,io.cucumber.testng.CucumberFeatureWrapper)[pri:0, instance:com.BDD.cucumber.practice.RunnerPractice5@3857f613]" started-at="2024-05-25T19:36:39 EDT" name="runScenario" description="Runs Cucumber Scenarios" data-provider="scenarios" finished-at="2024-05-25T19:36:57 EDT" duration-ms="18302" status="PASS">
          <params>
            <param index="0">
              <value>
                <![CDATA["Login function test with valid credential"]]>
              </value>
            </param>
            <param index="1">
              <value>
                <![CDATA["Login Function Test"]]>
              </value>
            </param>
          </params>
          <reporter-output>
          </reporter-output>
        </test-method> <!-- runScenario -->
        <test-method is-config="true" signature="tearDownClass()[pri:0, instance:com.BDD.cucumber.practice.RunnerPractice5@3857f613]" started-at="2024-05-25T19:36:57 EDT" name="tearDownClass" finished-at="2024-05-25T19:36:57 EDT" duration-ms="144" status="PASS">
          <reporter-output>
          </reporter-output>
        </test-method> <!-- tearDownClass -->
        <test-method is-config="true" signature="tearDown()[pri:0, instance:com.BDD.cucumber.practice.RunnerPractice5@3857f613]" started-at="2024-05-25T19:36:57 EDT" name="tearDown" finished-at="2024-05-25T19:36:57 EDT" duration-ms="1" status="PASS">
          <reporter-output>
          </reporter-output>
        </test-method> <!-- tearDown -->
      </class> <!-- com.BDD.cucumber.practice.RunnerPractice5 -->
    </test> <!-- Test -->
  </suite> <!-- Suite -->
</testng-results>
