<?xml version="1.0" encoding="UTF-8"?>
<testng-results ignored="0" total="3" passed="3" failed="0" skipped="0">
  <reporter-output>
  </reporter-output>
  <suite started-at="2024-05-02T19:52:19 EDT" name="Default suite" finished-at="2024-05-02T19:52:19 EDT" duration-ms="148">
    <groups>
    </groups>
    <test started-at="2024-05-02T19:52:19 EDT" name="Default test" finished-at="2024-05-02T19:52:19 EDT" duration-ms="148">
      <class name="com.TestNG.Practice.TestNGPractice">
        <test-method is-config="true" signature="beforeSuite()[pri:0, instance:com.TestNG.Practice.TestNGPractice@40a4337a]" started-at="2024-05-02T19:52:19 EDT" name="beforeSuite" finished-at="2024-05-02T19:52:19 EDT" duration-ms="19" status="PASS">
          <reporter-output>
          </reporter-output>
        </test-method> <!-- beforeSuite -->
        <test-method is-config="true" signature="beforeTest()[pri:0, instance:com.TestNG.Practice.TestNGPractice@40a4337a]" started-at="2024-05-02T19:52:19 EDT" name="beforeTest" finished-at="2024-05-02T19:52:19 EDT" duration-ms="1" status="PASS">
          <reporter-output>
          </reporter-output>
        </test-method> <!-- beforeTest -->
        <test-method is-config="true" signature="beforeClass()[pri:0, instance:com.TestNG.Practice.TestNGPractice@40a4337a]" started-at="2024-05-02T19:52:19 EDT" name="beforeClass" finished-at="2024-05-02T19:52:19 EDT" duration-ms="1" status="PASS">
          <reporter-output>
          </reporter-output>
        </test-method> <!-- beforeClass -->
        <test-method is-config="true" signature="beforeMethod()[pri:0, instance:com.TestNG.Practice.TestNGPractice@40a4337a]" started-at="2024-05-02T19:52:19 EDT" name="beforeMethod" finished-at="2024-05-02T19:52:19 EDT" duration-ms="1" status="PASS">
          <reporter-output>
          </reporter-output>
        </test-method> <!-- beforeMethod -->
        <test-method signature="getLogin()[pri:0, instance:com.TestNG.Practice.TestNGPractice@40a4337a]" started-at="2024-05-02T19:52:19 EDT" name="getLogin" finished-at="2024-05-02T19:52:19 EDT" duration-ms="11" status="PASS">
          <reporter-output>
          </reporter-output>
        </test-method> <!-- getLogin -->
        <test-method is-config="true" signature="afterMethod()[pri:0, instance:com.TestNG.Practice.TestNGPractice@40a4337a]" started-at="2024-05-02T19:52:19 EDT" name="afterMethod" finished-at="2024-05-02T19:52:19 EDT" duration-ms="1" status="PASS">
          <reporter-output>
          </reporter-output>
        </test-method> <!-- afterMethod -->
        <test-method is-config="true" signature="beforeMethod()[pri:0, instance:com.TestNG.Practice.TestNGPractice@40a4337a]" started-at="2024-05-02T19:52:19 EDT" name="beforeMethod" finished-at="2024-05-02T19:52:19 EDT" duration-ms="1" status="PASS">
          <reporter-output>
          </reporter-output>
        </test-method> <!-- beforeMethod -->
        <test-method signature="getPayment()[pri:0, instance:com.TestNG.Practice.TestNGPractice@40a4337a]" started-at="2024-05-02T19:52:19 EDT" name="getPayment" finished-at="2024-05-02T19:52:19 EDT" duration-ms="3" status="PASS">
          <reporter-output>
          </reporter-output>
        </test-method> <!-- getPayment -->
        <test-method is-config="true" signature="afterMethod()[pri:0, instance:com.TestNG.Practice.TestNGPractice@40a4337a]" started-at="2024-05-02T19:52:19 EDT" name="afterMethod" finished-at="2024-05-02T19:52:19 EDT" duration-ms="1" status="PASS">
          <reporter-output>
          </reporter-output>
        </test-method> <!-- afterMethod -->
        <test-method is-config="true" signature="beforeMethod()[pri:0, instance:com.TestNG.Practice.TestNGPractice@40a4337a]" started-at="2024-05-02T19:52:19 EDT" name="beforeMethod" finished-at="2024-05-02T19:52:19 EDT" duration-ms="1" status="PASS">
          <reporter-output>
          </reporter-output>
        </test-method> <!-- beforeMethod -->
        <test-method signature="getProduct()[pri:0, instance:com.TestNG.Practice.TestNGPractice@40a4337a]" started-at="2024-05-02T19:52:19 EDT" name="getProduct" finished-at="2024-05-02T19:52:19 EDT" duration-ms="3" status="PASS">
          <reporter-output>
          </reporter-output>
        </test-method> <!-- getProduct -->
        <test-method is-config="true" signature="afterMethod()[pri:0, instance:com.TestNG.Practice.TestNGPractice@40a4337a]" started-at="2024-05-02T19:52:19 EDT" name="afterMethod" finished-at="2024-05-02T19:52:19 EDT" duration-ms="1" status="PASS">
          <reporter-output>
          </reporter-output>
        </test-method> <!-- afterMethod -->
        <test-method is-config="true" signature="afterClass()[pri:0, instance:com.TestNG.Practice.TestNGPractice@40a4337a]" started-at="2024-05-02T19:52:19 EDT" name="afterClass" finished-at="2024-05-02T19:52:19 EDT" duration-ms="15" status="PASS">
          <reporter-output>
          </reporter-output>
        </test-method> <!-- afterClass -->
        <test-method is-config="true" signature="tearDown()[pri:0, instance:com.TestNG.Practice.TestNGPractice@40a4337a]" started-at="2024-05-02T19:52:19 EDT" name="tearDown" finished-at="2024-05-02T19:52:19 EDT" duration-ms="1" status="PASS">
          <reporter-output>
          </reporter-output>
        </test-method> <!-- tearDown -->
        <test-method is-config="true" signature="afterSuite()[pri:0, instance:com.TestNG.Practice.TestNGPractice@40a4337a]" started-at="2024-05-02T19:52:19 EDT" name="afterSuite" finished-at="2024-05-02T19:52:19 EDT" duration-ms="1" status="PASS">
          <reporter-output>
          </reporter-output>
        </test-method> <!-- afterSuite -->
      </class> <!-- com.TestNG.Practice.TestNGPractice -->
    </test> <!-- Default test -->
  </suite> <!-- Default suite -->
</testng-results>
